Determining if the pthread_create exist failed with the following output:
Change Dir: /home/malintha/ra/uav/ENGR-E599/geo_controller_ws/src/cmake-build-debug/CMakeFiles/CMakeTmp

Run Build Command:"/usr/bin/make" "cmTC_306c1/fast"
/usr/bin/make -f CMakeFiles/cmTC_306c1.dir/build.make CMakeFiles/cmTC_306c1.dir/build
make[1]: Entering directory '/home/malintha/ra/uav/ENGR-E599/geo_controller_ws/src/cmake-build-debug/CMakeFiles/CMakeTmp'
Building C object CMakeFiles/cmTC_306c1.dir/CheckSymbolExists.c.o
/usr/bin/cc    -o CMakeFiles/cmTC_306c1.dir/CheckSymbolExists.c.o   -c /home/malintha/ra/uav/ENGR-E599/geo_controller_ws/src/cmake-build-debug/CMakeFiles/CMakeTmp/CheckSymbolExists.c
Linking C executable cmTC_306c1
/home/malintha/clion-2017.2.2/bin/cmake/bin/cmake -E cmake_link_script CMakeFiles/cmTC_306c1.dir/link.txt --verbose=1
/usr/bin/cc      -rdynamic CMakeFiles/cmTC_306c1.dir/CheckSymbolExists.c.o  -o cmTC_306c1 
CMakeFiles/cmTC_306c1.dir/CheckSymbolExists.c.o: In function `main':
CheckSymbolExists.c:(.text+0x16): undefined reference to `pthread_create'
collect2: error: ld returned 1 exit status
CMakeFiles/cmTC_306c1.dir/build.make:97: recipe for target 'cmTC_306c1' failed
make[1]: *** [cmTC_306c1] Error 1
make[1]: Leaving directory '/home/malintha/ra/uav/ENGR-E599/geo_controller_ws/src/cmake-build-debug/CMakeFiles/CMakeTmp'
Makefile:126: recipe for target 'cmTC_306c1/fast' failed
make: *** [cmTC_306c1/fast] Error 2

File /home/malintha/ra/uav/ENGR-E599/geo_controller_ws/src/cmake-build-debug/CMakeFiles/CMakeTmp/CheckSymbolExists.c:
/* */
#include <pthread.h>

int main(int argc, char** argv)
{
  (void)argv;
#ifndef pthread_create
  return ((int*)(&pthread_create))[argc];
#else
  (void)argc;
  return 0;
#endif
}

Determining if the function pthread_create exists in the pthreads failed with the following output:
Change Dir: /home/malintha/ra/uav/ENGR-E599/geo_controller_ws/src/cmake-build-debug/CMakeFiles/CMakeTmp

Run Build Command:"/usr/bin/make" "cmTC_760f3/fast"
/usr/bin/make -f CMakeFiles/cmTC_760f3.dir/build.make CMakeFiles/cmTC_760f3.dir/build
make[1]: Entering directory '/home/malintha/ra/uav/ENGR-E599/geo_controller_ws/src/cmake-build-debug/CMakeFiles/CMakeTmp'
Building C object CMakeFiles/cmTC_760f3.dir/CheckFunctionExists.c.o
/usr/bin/cc   -DCHECK_FUNCTION_EXISTS=pthread_create   -o CMakeFiles/cmTC_760f3.dir/CheckFunctionExists.c.o   -c /home/malintha/clion-2017.2.2/bin/cmake/share/cmake-3.8/Modules/CheckFunctionExists.c
Linking C executable cmTC_760f3
/home/malintha/clion-2017.2.2/bin/cmake/bin/cmake -E cmake_link_script CMakeFiles/cmTC_760f3.dir/link.txt --verbose=1
/usr/bin/cc  -DCHECK_FUNCTION_EXISTS=pthread_create    -rdynamic CMakeFiles/cmTC_760f3.dir/CheckFunctionExists.c.o  -o cmTC_760f3 -lpthreads 
/usr/bin/ld: cannot find -lpthreads
collect2: error: ld returned 1 exit status
CMakeFiles/cmTC_760f3.dir/build.make:97: recipe for target 'cmTC_760f3' failed
make[1]: *** [cmTC_760f3] Error 1
make[1]: Leaving directory '/home/malintha/ra/uav/ENGR-E599/geo_controller_ws/src/cmake-build-debug/CMakeFiles/CMakeTmp'
Makefile:126: recipe for target 'cmTC_760f3/fast' failed
make: *** [cmTC_760f3/fast] Error 2


